  glad.c
  main.cpp
D:\School Files\7th Term\GDPHYX\HW1 - Particle Motion\GDPHYSX-JARDIN-PANGILINAN\GL\GL\main.cpp(35,23): warning C4018: '<': signed/unsigned mismatch
D:\School Files\7th Term\GDPHYX\HW1 - Particle Motion\GDPHYSX-JARDIN-PANGILINAN\GL\GL\main.cpp(69,38): warning C4244: 'argument': conversion from 'float' to 'int', possible loss of data
D:\School Files\7th Term\GDPHYX\HW1 - Particle Motion\GDPHYSX-JARDIN-PANGILINAN\GL\GL\main.cpp(69,31): warning C4244: 'argument': conversion from 'float' to 'int', possible loss of data
D:\School Files\7th Term\GDPHYX\HW1 - Particle Motion\GDPHYSX-JARDIN-PANGILINAN\GL\GL\main.cpp(173,20): warning C4244: 'initializing': conversion from 'double' to 'float', possible loss of data
D:\School Files\7th Term\GDPHYX\HW1 - Particle Motion\GDPHYSX-JARDIN-PANGILINAN\GL\GL\main.cpp(175,22): warning C4244: 'initializing': conversion from 'double' to 'float', possible loss of data
D:\School Files\7th Term\GDPHYX\HW1 - Particle Motion\GDPHYSX-JARDIN-PANGILINAN\GL\GL\main.cpp(192,26): warning C4244: 'initializing': conversion from 'double' to 'GLfloat', possible loss of data
D:\School Files\7th Term\GDPHYX\HW1 - Particle Motion\GDPHYSX-JARDIN-PANGILINAN\GL\GL\main.cpp(196,29): warning C4244: 'initializing': conversion from 'double' to 'float', possible loss of data
D:\School Files\7th Term\GDPHYX\HW1 - Particle Motion\GDPHYSX-JARDIN-PANGILINAN\GL\GL\main.cpp(203,41): warning C4244: '=': conversion from 'double' to 'float', possible loss of data
  MassAggregateCube.cpp
D:\School Files\7th Term\GDPHYX\HW1 - Particle Motion\GDPHYSX-JARDIN-PANGILINAN\GL\GL\MassAggregateCube.cpp(29,29): warning C4305: 'initializing': truncation from 'double' to 'float'
  Particle.cpp
D:\School Files\7th Term\GDPHYX\HW1 - Particle Motion\GDPHYSX-JARDIN-PANGILINAN\GL\GL\Particle.cpp(59,20): warning C4018: '<': signed/unsigned mismatch
  ParticleContact.cpp
  ParticleForceRegistry.cpp
D:\School Files\7th Term\GDPHYX\HW1 - Particle Motion\GDPHYSX-JARDIN-PANGILINAN\GL\GL\ParticleForceRegistry.cpp(25,20): warning C4018: '<': signed/unsigned mismatch
  ParticleGravity.cpp
  ParticleLink.cpp
  ParticleSpring.cpp
  ParticleWorld.cpp
D:\School Files\7th Term\GDPHYX\HW1 - Particle Motion\GDPHYSX-JARDIN-PANGILINAN\GL\GL\ParticleWorld.cpp(5,111): warning C4244: 'return': conversion from 'double' to 'float', possible loss of data
D:\School Files\7th Term\GDPHYX\HW1 - Particle Motion\GDPHYSX-JARDIN-PANGILINAN\GL\GL\ParticleWorld.cpp(11,20): warning C4018: '<': signed/unsigned mismatch
  Generating code
  Previous IPDB was built with incompatible compiler, fall back to full compilation.
  All 2318 functions were compiled because no usable IPDB/IOBJ from previous compilation was found.
  Finished generating code
  GL.vcxproj -> D:\School Files\7th Term\GDPHYX\HW1 - Particle Motion\GDPHYSX-JARDIN-PANGILINAN\GL\Release\GL.exe
